# JRE version: OpenJDK Runtime Environment AdoptOpenJDK (14.0.2+12) (build 14.0.2+12)
# Java VM: OpenJDK 64-Bit Server VM AdoptOpenJDK (14.0.2+12, mixed mode, tiered, compressed oops, g1 gc, linux-amd64)
Heap:
 garbage-first heap   total 24576K, used 8397K [0x00000000a4600000, 0x0000000100000000)
  region size 1024K, 8 young (8192K), 4 survivors (4096K)
 Metaspace       used 21330K, capacity 21720K, committed 22144K, reserved 1069056K
  class space    used 2738K, capacity 2853K, committed 2944K, reserved 1048576K
GC Heap History (6 events):
Event: 0,476 GC heap before
{Heap before GC invocations=0 (full 0):
 garbage-first heap   total 94208K, used 13312K [0x00000000a4600000, 0x0000000100000000)
  region size 1024K, 13 young (13312K), 0 survivors (0K)
 Metaspace       used 10811K, capacity 11031K, committed 11392K, reserved 1058816K
  class space    used 1247K, capacity 1316K, committed 1408K, reserved 1048576K
}
Event: 0,479 GC heap after
{Heap after GC invocations=1 (full 0):
 garbage-first heap   total 94208K, used 1741K [0x00000000a4600000, 0x0000000100000000)
  region size 1024K, 2 young (2048K), 2 survivors (2048K)
 Metaspace       used 10811K, capacity 11031K, committed 11392K, reserved 1058816K
  class space    used 1247K, capacity 1316K, committed 1408K, reserved 1048576K
}
Event: 0,915 GC heap before
{Heap before GC invocations=1 (full 0):
 garbage-first heap   total 94208K, used 20173K [0x00000000a4600000, 0x0000000100000000)
  region size 1024K, 19 young (19456K), 2 survivors (2048K)
 Metaspace       used 17471K, capacity 17846K, committed 18176K, reserved 1064960K
  class space    used 2119K, capacity 2222K, committed 2304K, reserved 1048576K
}
Event: 0,924 GC heap after
{Heap after GC invocations=2 (full 0):
 garbage-first heap   total 94208K, used 4298K [0x00000000a4600000, 0x0000000100000000)
  region size 1024K, 3 young (3072K), 3 survivors (3072K)
 Metaspace       used 17471K, capacity 17846K, committed 18176K, reserved 1064960K
  class space    used 2119K, capacity 2222K, committed 2304K, reserved 1048576K
}
Event: 1,118 GC heap before
{Heap before GC invocations=2 (full 0):
 garbage-first heap   total 94208K, used 15562K [0x00000000a4600000, 0x0000000100000000)
  region size 1024K, 16 young (16384K), 3 survivors (3072K)
 Metaspace       used 20699K, capacity 21064K, committed 21248K, reserved 1067008K
  class space    used 2625K, capacity 2741K, committed 2816K, reserved 1048576K
}
Event: 1,122 GC heap after
{Heap after GC invocations=3 (full 0):
 garbage-first heap   total 94208K, used 5325K [0x00000000a4600000, 0x0000000100000000)
  region size 1024K, 4 young (4096K), 4 survivors (4096K)
 Metaspace       used 20699K, capacity 21064K, committed 21248K, reserved 1067008K
  class space    used 2625K, capacity 2741K, committed 2816K, reserved 1048576K
}

