# JRE version: OpenJDK Runtime Environment AdoptOpenJDK (14.0.2+12) (build 14.0.2+12)
# Java VM: OpenJDK 64-Bit Server VM AdoptOpenJDK (14.0.2+12, mixed mode, tiered, compressed oops, g1 gc, linux-amd64)
Heap:
 garbage-first heap   total 24576K, used 6261K [0x00000000a4600000, 0x0000000100000000)
  region size 1024K, 6 young (6144K), 4 survivors (4096K)
 Metaspace       used 21089K, capacity 21464K, committed 21760K, reserved 1069056K
  class space    used 2678K, capacity 2789K, committed 2816K, reserved 1048576K
GC Heap History (6 events):
Event: 3,571 GC heap before
{Heap before GC invocations=0 (full 0):
 garbage-first heap   total 94208K, used 13312K [0x00000000a4600000, 0x0000000100000000)
  region size 1024K, 13 young (13312K), 0 survivors (0K)
 Metaspace       used 10800K, capacity 11031K, committed 11392K, reserved 1058816K
  class space    used 1247K, capacity 1316K, committed 1408K, reserved 1048576K
}
Event: 3,575 GC heap after
{Heap after GC invocations=1 (full 0):
 garbage-first heap   total 94208K, used 1734K [0x00000000a4600000, 0x0000000100000000)
  region size 1024K, 2 young (2048K), 2 survivors (2048K)
 Metaspace       used 10800K, capacity 11031K, committed 11392K, reserved 1058816K
  class space    used 1247K, capacity 1316K, committed 1408K, reserved 1048576K
}
Event: 5,435 GC heap before
{Heap before GC invocations=1 (full 0):
 garbage-first heap   total 94208K, used 20166K [0x00000000a4600000, 0x0000000100000000)
  region size 1024K, 19 young (19456K), 2 survivors (2048K)
 Metaspace       used 17475K, capacity 17846K, committed 18176K, reserved 1064960K
  class space    used 2120K, capacity 2222K, committed 2304K, reserved 1048576K
}
Event: 5,444 GC heap after
{Heap after GC invocations=2 (full 0):
 garbage-first heap   total 94208K, used 4164K [0x00000000a4600000, 0x0000000100000000)
  region size 1024K, 3 young (3072K), 3 survivors (3072K)
 Metaspace       used 17475K, capacity 17846K, committed 18176K, reserved 1064960K
  class space    used 2120K, capacity 2222K, committed 2304K, reserved 1048576K
}
Event: 6,026 GC heap before
{Heap before GC invocations=2 (full 0):
 garbage-first heap   total 94208K, used 16452K [0x00000000a4600000, 0x0000000100000000)
  region size 1024K, 16 young (16384K), 3 survivors (3072K)
 Metaspace       used 20715K, capacity 21064K, committed 21248K, reserved 1067008K
  class space    used 2627K, capacity 2741K, committed 2816K, reserved 1048576K
}
Event: 6,031 GC heap after
{Heap after GC invocations=3 (full 0):
 garbage-first heap   total 94208K, used 5237K [0x00000000a4600000, 0x0000000100000000)
  region size 1024K, 4 young (4096K), 4 survivors (4096K)
 Metaspace       used 20715K, capacity 21064K, committed 21248K, reserved 1067008K
  class space    used 2627K, capacity 2741K, committed 2816K, reserved 1048576K
}

